2024-11-15 07:03:31 info: GET /api/products
2024-11-15 07:03:32 info: GET /api/auth/me
2024-11-15 07:03:32 info: GET /api/products
2024-11-15 07:03:32 info: GET /api/auth/me
2024-11-15 07:03:35 info: User data retrieved: Sodiq10
2024-11-15 07:03:36 info: User data retrieved: Sodiq10
2024-11-15 07:05:06 info: GET /api/products/672e769251b4ff08139e4b1f
2024-11-15 07:05:35 info: GET /api/orders/67265fc6268e5a0d19fdcb22
2024-11-15 07:14:23 info: GET /api/orders/67265fc6268e5a0d19fdcb22
2024-11-15 07:15:09 info: GET /api/orders/67265fc6268e5a0d19fdcb22
2024-11-15 07:15:15 info: GET /api/orders/67265fc6268e5a0d19fdcb22
2024-11-15 07:16:06 info: GET /api/orders/67265fc6268e5a0d19fdcb22
2024-11-15 07:16:16 info: GET /api/orders/67265fc6268e5a0d19fdcb22
2024-11-15 07:16:49 info: GET /api/orders/67265fc6268e5a0d19fdcb22
2024-11-15 07:16:57 info: GET /api/orders/67265fc6268e5a0d19fdcb22
2024-11-15 07:17:05 info: GET /api/orders/67265fc6268e5a0d19fdcb22
2024-11-15 07:17:13 info: GET /api/orders/67265fc6268e5a0d19fdcb22
2024-11-15 07:17:28 info: GET /api/orders/67265fc6268e5a0d19fdcb22
2024-11-15 07:18:06 info: GET /api/orders/67265fc6268e5a0d19fdcb22
2024-11-15 07:18:25 info: GET /api/orders/67265fc6268e5a0d19fdcb22
2024-11-15 07:18:29 info: GET /api/orders/67265fc6268e5a0d19fdcb22
2024-11-15 07:19:25 info: GET /api/orders/67265fc6268e5a0d19fdcb22
2024-11-15 07:19:51 info: GET /api/orders/67265fc6268e5a0d19fdcb22
2024-11-15 07:20:12 info: GET /api/orders/67265fc6268e5a0d19fdcb22
2024-11-15 07:20:23 info: GET /api/orders/67265fc6268e5a0d19fdcb22
2024-11-15 07:20:26 info: GET /api/orders/67265fc6268e5a0d19fdcb22
2024-11-15 07:20:32 info: GET /api/orders/67265fc6268e5a0d19fdcb22
2024-11-15 07:20:42 info: GET /api/orders/67265fc6268e5a0d19fdcb22
2024-11-15 07:20:52 info: GET /api/orders/67265fc6268e5a0d19fdcb22
2024-11-15 07:21:03 info: GET /api/orders/67265fc6268e5a0d19fdcb22
2024-11-15 07:21:26 info: GET /api/orders/67265fc6268e5a0d19fdcb22
2024-11-15 07:21:44 info: GET /api/orders/67265fc6268e5a0d19fdcb22
2024-11-15 07:21:58 info: GET /api/orders/67265fc6268e5a0d19fdcb22
2024-11-15 07:22:08 info: GET /api/orders/67265fc6268e5a0d19fdcb22
2024-11-15 07:23:22 info: GET /api/orders/67265fc6268e5a0d19fdcb22
2024-11-15 07:23:26 info: GET /api/orders/67265fc6268e5a0d19fdcb22
2024-11-15 07:23:33 info: GET /api/orders/67265fc6268e5a0d19fdcb22
2024-11-15 07:23:37 info: GET /api/orders/67265fc6268e5a0d19fdcb22
2024-11-15 07:23:57 info: GET /api/orders/67265fc6268e5a0d19fdcb22
2024-11-15 07:24:58 info: GET /api/orders/67265fc6268e5a0d19fdcb22
2024-11-15 07:25:09 info: GET /api/orders/67265fc6268e5a0d19fdcb22
2024-11-15 07:26:48 info: GET /api/orders/67265fc6268e5a0d19fdcb22
2024-11-15 07:27:08 info: GET /api/orders/67265fc6268e5a0d19fdcb22
2024-11-15 07:27:29 info: GET /api/orders/67265fc6268e5a0d19fdcb22
2024-11-15 07:30:26 info: GET /api/products
2024-11-15 07:30:26 info: GET /api/auth/me
2024-11-15 07:30:27 info: User data retrieved: Sodiq10
2024-11-15 07:30:36 info: GET /api/orders/67265fc6268e5a0d19fdcb22
2024-11-15 07:31:29 info: GET /api/orders/67265fc6268e5a0d19fdcb22
2024-11-15 07:32:13 info: GET /api/products/672e769251b4ff08139e4b1f
2024-11-15 07:49:39 info: GET /api/products
2024-11-15 07:49:39 info: GET /api/auth/me
2024-11-15 07:49:40 info: User data retrieved: Sodiq10
2024-11-15 07:50:52 info: GET /api/products
2024-11-15 07:50:53 info: GET /api/auth/me
2024-11-15 07:50:53 info: User data retrieved: Sodiq10
2024-11-15 07:51:02 info: GET /api/products/672e769251b4ff08139e4b1f
2024-11-15 07:51:21 info: GET /api/orders/67265fc6268e5a0d19fdcb22
2024-11-15 07:53:05 info: GET /api/products/672e953f6b4976a1670d6224
2024-11-15 08:03:09 info: GET /api/products/672e953f6b4976a1670d6224
2024-11-15 08:03:26 info: GET /api/products/672e769251b4ff08139e4b1f
2024-11-15 08:04:01 info: GET /api/orders/67265fc6268e5a0d19fdcb22
2024-11-15 08:04:18 info: POST /api/orders
2024-11-15 08:04:23 info: GET /api/orders/67265fc6268e5a0d19fdcb22
2024-11-15 12:56:43 info: GET /api/products
2024-11-15 12:56:45 info: GET /api/auth/me
2024-11-15 12:56:46 info: GET /api/products
2024-11-15 12:56:46 info: GET /api/auth/me
2024-11-15 12:56:53 info: User data retrieved: Sodiq10
2024-11-15 12:56:57 info: User data retrieved: Sodiq10
2024-11-15 12:57:38 info: GET /api/orders/67265fc6268e5a0d19fdcb22
2024-11-15 12:58:18 info: GET /api/products/672e769251b4ff08139e4b1f
2024-11-15 12:58:30 info: GET /api/products/672e953f6b4976a1670d6224
2024-11-15 13:23:21 info: GET /api/products
2024-11-15 13:23:40 info: GET /api/auth/me
2024-11-15 13:24:17 error: Error: read ECONNRESET
    at TLSWrap.onStreamRead (node:internal/stream_base_commons:218:20)
2024-11-15 13:29:02 info: GET /api/products/672e769251b4ff08139e4b1f
2024-11-15 13:29:13 info: GET /api/products/672e769251b4ff08139e4b1f
2024-11-15 13:30:27 info: GET /api/orders/67265fc6268e5a0d19fdcb22
2024-11-15 13:33:32 info: GET /api/orders/67265fc6268e5a0d19fdcb22
2024-11-15 13:34:20 info: GET /api/products/672e769251b4ff08139e4b1f
2024-11-15 13:35:54 info: GET /api/products/carts
2024-11-15 13:36:06 info: GET /api/products/carts
2024-11-15 13:36:13 info: GET /api/products/carts
2024-11-15 13:36:24 info: GET /api/products/signup
2024-11-15 13:36:33 info: GET /api/products/signup
2024-11-15 13:37:04 info: GET /api/products/signup
2024-11-15 13:38:49 info: GET /api/products/signup
2024-11-15 13:38:54 info: GET /api/products/signup
2024-11-15 13:39:12 info: GET /api/products/signup
2024-11-15 13:39:26 info: GET /api/products/carts
2024-11-15 13:39:44 info: GET /api/products/carts
2024-11-15 13:39:46 info: GET /api/products/carts
2024-11-15 13:39:49 info: GET /api/products/carts
2024-11-15 13:39:51 info: GET /api/products/carts
2024-11-15 13:39:52 info: GET /api/products/carts
2024-11-15 13:39:53 info: GET /api/products/carts
2024-11-15 13:39:54 info: GET /api/products/carts
2024-11-15 13:39:59 info: GET /api/products/carts
2024-11-15 13:40:06 info: GET /api/products/carts
2024-11-15 13:40:13 info: GET /api/products/carts
2024-11-15 13:40:13 info: GET /api/products/carts
2024-11-15 13:40:13 info: GET /api/products/carts
2024-11-15 13:40:13 info: GET /api/products/carts
2024-11-15 13:40:13 info: GET /api/products/carts
2024-11-15 13:40:13 info: GET /api/products/carts
2024-11-15 13:40:13 info: GET /api/products/carts
2024-11-15 13:40:13 info: GET /api/products/carts
2024-11-15 13:40:13 info: GET /api/products/carts
2024-11-15 13:40:18 info: GET /api/products/carts
2024-11-15 13:40:23 info: GET /api/products/carts
2024-11-15 13:40:25 info: GET /api/products/carts
2024-11-15 13:40:26 info: GET /api/products/carts
2024-11-15 13:40:28 info: GET /api/products/carts
2024-11-15 13:40:29 info: GET /api/products/carts
2024-11-15 13:40:30 info: GET /api/products/carts
2024-11-15 13:40:32 info: GET /api/products/carts
2024-11-15 13:40:33 info: GET /api/products/carts
2024-11-15 13:40:35 info: GET /api/products/carts
2024-11-15 13:40:49 info: GET /api/products/carts
2024-11-15 13:40:49 info: GET /api/products/carts
2024-11-15 13:40:49 info: GET /api/products/carts
2024-11-15 13:40:49 info: GET /api/products/carts
2024-11-15 13:40:50 info: GET /api/products/carts
2024-11-15 13:40:50 info: GET /api/products/carts
2024-11-15 13:40:50 info: GET /api/products/carts
2024-11-15 13:40:50 info: GET /api/products/carts
2024-11-15 13:40:50 info: GET /api/products/carts
2024-11-15 13:42:24 info: GET /api/products/672e953f6b4976a1670d6224
2024-11-15 13:42:39 info: GET /api/products/672e953f6b4976a1670d6224
2024-11-15 13:43:11 info: GET /api/products/carts
2024-11-15 13:46:12 info: GET /api/products
2024-11-15 13:46:12 info: GET /api/auth/me
2024-11-15 13:46:18 info: User data retrieved: Sodiq10
2024-11-15 13:46:34 info: GET /api/products
2024-11-15 13:46:34 info: GET /api/auth/me
2024-11-15 13:46:48 info: User data retrieved: Sodiq10
2024-11-15 13:46:54 info: GET /api/products/672e769251b4ff08139e4b1f
2024-11-15 13:47:21 info: GET /api/products
2024-11-15 13:47:21 info: GET /api/auth/me
2024-11-15 13:47:28 info: User data retrieved: Sodiq10
2024-11-15 13:47:31 info: GET /api/products/672e953f6b4976a1670d6224
2024-11-15 13:51:43 info: GET /api/orders/67265fc6268e5a0d19fdcb22
2024-11-15 13:52:15 info: GET /api/products/672e953f6b4976a1670d6224
2024-11-15 13:53:14 info: GET /api/products/672e769251b4ff08139e4b1f
