2024-11-17 04:17:44 info: GET /api/products
2024-11-17 04:17:45 info: GET /api/auth/me
2024-11-17 04:17:45 info: User data retrieved: Sodiq10
2024-11-17 04:17:45 info: GET /api/products
2024-11-17 04:17:47 info: GET /api/auth/me
2024-11-17 04:17:48 info: User data retrieved: Sodiq10
2024-11-17 04:18:11 info: GET /api/products/672e769251b4ff08139e4b1f
2024-11-17 04:19:09 info: GET /api/products/checkout
2024-11-17 04:21:15 info: GET /api/products/checkout
2024-11-17 04:21:48 info: GET /api/products/checkout
2024-11-17 04:23:08 info: GET /api/products/checkout
2024-11-17 04:24:51 info: GET /api/products/672e953f6b4976a1670d6224
2024-11-17 04:25:19 info: GET /api/products/672e769251b4ff08139e4b1f
2024-11-17 04:27:29 info: GET /api/products
2024-11-17 04:27:30 info: GET /api/auth/me
2024-11-17 04:27:30 info: User data retrieved: Sodiq10
2024-11-17 04:27:31 info: GET /api/products
2024-11-17 04:27:33 info: GET /api/auth/me
2024-11-17 04:27:34 info: User data retrieved: Sodiq10
2024-11-17 04:28:00 info: GET /api/products/672e953f6b4976a1670d6224
2024-11-17 04:28:11 info: GET /api/products/672e769251b4ff08139e4b1f
2024-11-17 04:28:49 info: GET /api/products/checkout
2024-11-17 04:29:07 info: GET /api/products/checkout
2024-11-17 04:30:07 info: GET /api/products
2024-11-17 04:30:07 info: GET /api/auth/me
2024-11-17 04:30:08 info: User data retrieved: Sodiq10
2024-11-17 04:30:31 info: GET /api/products/672e769251b4ff08139e4b1f
2024-11-17 04:31:30 info: GET /api/products
2024-11-17 04:31:31 info: GET /api/auth/me
2024-11-17 04:31:31 info: User data retrieved: Sodiq10
2024-11-17 04:31:35 info: GET /api/products
2024-11-17 04:31:36 info: GET /api/auth/me
2024-11-17 04:31:36 info: User data retrieved: Sodiq10
2024-11-17 04:32:57 info: POST /api/orders
2024-11-17 04:33:22 info: GET /api/orders/67265fc6268e5a0d19fdcb22
2024-11-17 04:33:39 info: GET /api/orders/67265fc6268e5a0d19fdcb22
2024-11-17 04:41:52 info: POST /api/orders
2024-11-17 04:42:10 info: GET /api/orders/67265fc6268e5a0d19fdcb22
2024-11-17 04:45:43 info: GET /api/products/672e953f6b4976a1670d6224
2024-11-17 04:45:54 info: GET /api/auth/me
2024-11-17 04:45:54 info: User data retrieved: Sodiq10
2024-11-17 04:50:51 info: GET /api/auth/me
2024-11-17 04:50:51 info: User data retrieved: Sodiq10
2024-11-17 04:54:09 info: GET /api/auth/me
2024-11-17 04:54:09 info: User data retrieved: Sodiq10
2024-11-17 04:54:58 info: POST /api/orders
2024-11-17 04:58:13 info: GET /api/products/672e953f6b4976a1670d6224
2024-11-17 04:58:24 info: GET /api/auth/me
2024-11-17 04:58:25 info: User data retrieved: Sodiq10
2024-11-17 04:58:47 info: POST /api/orders
2024-11-17 05:01:26 info: GET /api/products
2024-11-17 05:01:27 info: GET /api/auth/me
2024-11-17 05:01:27 info: User data retrieved: Sodiq10
2024-11-17 05:01:27 info: GET /api/products
2024-11-17 05:01:30 info: GET /api/auth/me
2024-11-17 05:01:30 info: User data retrieved: Sodiq10
2024-11-17 05:01:48 info: GET /api/products/672e769251b4ff08139e4b1f
2024-11-17 05:02:11 info: GET /api/auth/me
2024-11-17 05:02:11 info: User data retrieved: Sodiq10
2024-11-17 05:02:27 info: POST /api/orders
2024-11-17 05:04:48 info: GET /api/orders/67265fc6268e5a0d19fdcb22
2024-11-17 05:08:34 info: GET /api/orders/67265fc6268e5a0d19fdcb22
2024-11-17 05:08:34 info: GET /api/orders/67265fc6268e5a0d19fdcb22
