2024-11-12 17:42:39 error: JsonWebTokenError: jwt malformed
    at module.exports [as verify] (C:\Users\Sodiq\Desktop\kick\kickhubserver\node_modules\jsonwebtoken\verify.js:70:17)
    at C:\Users\Sodiq\Desktop\kick\kickhubserver\middleware\authMiddleware.js:15:27
    at asyncUtilWrap (C:\Users\Sodiq\Desktop\kick\kickhubserver\node_modules\express-async-handler\index.js:3:20)
    at Layer.handle [as handle_request] (C:\Users\Sodiq\Desktop\kick\kickhubserver\node_modules\express\lib\router\layer.js:95:5)
    at next (C:\Users\Sodiq\Desktop\kick\kickhubserver\node_modules\express\lib\router\route.js:149:13)
    at Route.dispatch (C:\Users\Sodiq\Desktop\kick\kickhubserver\node_modules\express\lib\router\route.js:119:3)
    at Layer.handle [as handle_request] (C:\Users\Sodiq\Desktop\kick\kickhubserver\node_modules\express\lib\router\layer.js:95:5)
    at C:\Users\Sodiq\Desktop\kick\kickhubserver\node_modules\express\lib\router\index.js:284:15
    at param (C:\Users\Sodiq\Desktop\kick\kickhubserver\node_modules\express\lib\router\index.js:365:14)
    at param (C:\Users\Sodiq\Desktop\kick\kickhubserver\node_modules\express\lib\router\index.js:376:14)
2024-11-12 17:46:53 error: JsonWebTokenError: jwt malformed
    at module.exports [as verify] (C:\Users\Sodiq\Desktop\kick\kickhubserver\node_modules\jsonwebtoken\verify.js:70:17)
    at C:\Users\Sodiq\Desktop\kick\kickhubserver\middleware\authMiddleware.js:15:27
    at asyncUtilWrap (C:\Users\Sodiq\Desktop\kick\kickhubserver\node_modules\express-async-handler\index.js:3:20)
    at Layer.handle [as handle_request] (C:\Users\Sodiq\Desktop\kick\kickhubserver\node_modules\express\lib\router\layer.js:95:5)
    at next (C:\Users\Sodiq\Desktop\kick\kickhubserver\node_modules\express\lib\router\route.js:149:13)
    at Route.dispatch (C:\Users\Sodiq\Desktop\kick\kickhubserver\node_modules\express\lib\router\route.js:119:3)
    at Layer.handle [as handle_request] (C:\Users\Sodiq\Desktop\kick\kickhubserver\node_modules\express\lib\router\layer.js:95:5)
    at C:\Users\Sodiq\Desktop\kick\kickhubserver\node_modules\express\lib\router\index.js:284:15
    at param (C:\Users\Sodiq\Desktop\kick\kickhubserver\node_modules\express\lib\router\index.js:365:14)
    at param (C:\Users\Sodiq\Desktop\kick\kickhubserver\node_modules\express\lib\router\index.js:376:14)
